[DEBUG] 2023-11-29 09:53:09.068 [main] Store_API_Test - Store API Test Started...
[INFO ] 2023-11-29 09:53:09.135 [main] Store_API_Test - Create Order Test Started..
[INFO ] 2023-11-29 09:53:21.830 [main] Store_API_Test - Create Order Test Response to be 200..
[INFO ] 2023-11-29 09:53:21.926 [main] Store_API_Test - Get Order Test Started..
[DEBUG] 2023-11-29 09:53:27.895 [main] Store_API_Test - Store API Test Closed...
[DEBUG] 2023-11-29 10:05:44.244 [main] UserTest - User API test Started...
[INFO ] 2023-11-29 10:05:44.277 [main] UserTest - User API create User Test Started...
[INFO ] 2023-11-29 10:05:55.606 [main] UserTest - User API create User Test Response Code to be 200...
[INFO ] 2023-11-29 10:05:55.728 [main] UserTest - User API Get User Test Started...
[DEBUG] 2023-11-29 10:06:03.608 [main] UserTest - User API test Completed...
[DEBUG] 2023-11-29 14:42:36.709 [main] Store_API_Test - Store API Test Started...
[DEBUG] 2023-11-29 14:42:36.720 [main] TravelTest - Travel_Playload
[DEBUG] 2023-11-29 14:42:37.555 [main] TravelTest - Travel_Api_Test_Started...
[INFO ] 2023-11-29 14:42:37.677 [main] Store_API_Test - Create Order Test Started..
[INFO ] 2023-11-29 14:42:46.815 [main] Store_API_Test - Create Order Test Response to be 200..
[INFO ] 2023-11-29 14:42:46.865 [main] Store_API_Test - Get Order Test Started..
[INFO ] 2023-11-29 14:42:48.642 [main] Store_API_Test - Get Order Test Response to be 200..
[INFO ] 2023-11-29 14:42:48.651 [main] Store_API_Test - Get Order Test ID Assertion passed..
[INFO ] 2023-11-29 14:42:48.651 [main] Store_API_Test - Get Order Test PetID Assertion passed..
[INFO ] 2023-11-29 14:42:48.651 [main] Store_API_Test - Get Order Test quantity Assertion passed..
[INFO ] 2023-11-29 14:42:48.652 [main] Store_API_Test - Get Order Test shipDate Assertion passed..
[INFO ] 2023-11-29 14:42:48.652 [main] Store_API_Test - Get Order Test status Assertion passed..
[INFO ] 2023-11-29 14:42:48.652 [main] Store_API_Test - Get Order Test complete Assertion passed..
[INFO ] 2023-11-29 14:42:48.656 [main] Store_API_Test - Delete Order Test Started..
[INFO ] 2023-11-29 14:42:50.390 [main] Store_API_Test - Get Order Test ID response to be 200..
[INFO ] 2023-11-29 14:42:50.393 [main] Store_API_Test - Delete Order Test message Assertion passed..
[DEBUG] 2023-11-29 14:42:50.463 [main] UserTest - User API test Started...
[INFO ] 2023-11-29 14:42:50.470 [main] UserTest - User API create User Test Started...
[INFO ] 2023-11-29 14:42:52.394 [main] UserTest - User API create User Test Response Code to be 200...
[INFO ] 2023-11-29 14:42:52.406 [main] UserTest - User API Get User Test Started...
[INFO ] 2023-11-29 14:42:54.542 [main] UserTest - User API Get User Test Response to be 200...
[INFO ] 2023-11-29 14:42:54.555 [main] UserTest - User API Get User Test id Assertion passed...
[INFO ] 2023-11-29 14:42:54.555 [main] UserTest - User API Get User Test username Assertion passed...
[INFO ] 2023-11-29 14:42:54.555 [main] UserTest - User API Get User Test firstname Assertion passed...
[INFO ] 2023-11-29 14:42:54.556 [main] UserTest - User API Get User Test lastname Assertion passed...
[INFO ] 2023-11-29 14:42:54.556 [main] UserTest - User API Get User Test email Assertion passed...
[INFO ] 2023-11-29 14:42:54.556 [main] UserTest - User API Get User Test password Assertion passed...
[INFO ] 2023-11-29 14:42:54.557 [main] UserTest - User API Get User Test phone Assertion passed...
[INFO ] 2023-11-29 14:42:54.557 [main] UserTest - User API Get User Test Headers validation...
[INFO ] 2023-11-29 14:42:54.560 [main] UserTest - User API Get User Test Headers Assertion passed...
[INFO ] 2023-11-29 14:42:54.567 [main] UserTest - User API Update User Test Started...
[INFO ] 2023-11-29 14:42:56.321 [main] UserTest - User API Delete User Test Started...
[INFO ] 2023-11-29 14:42:58.126 [main] UserTest - User API Delete User Test Response code to be 200...
[INFO ] 2023-11-29 14:42:58.127 [main] UserTest - User API Delete User Test Endend...
[DEBUG] 2023-11-29 14:42:58.683 [main] UserTest - User API test Completed...
[INFO ] 2023-11-29 14:42:58.688 [main] TravelTest - Travel API Create User Test Started...
[INFO ] 2023-11-29 14:42:59.815 [main] TravelTest - Travel API Create User Test Response code to be 200...
[INFO ] 2023-11-29 14:42:59.818 [main] TravelTest - Travel API Create User Test Tourist name Assertion passed...
[INFO ] 2023-11-29 14:42:59.819 [main] TravelTest - Travel API Create User Test Tourist email Assertion passed...
[INFO ] 2023-11-29 14:42:59.819 [main] TravelTest - Travel API Create User Test Tourist location Assertion passed...
[INFO ] 2023-11-29 14:42:59.830 [main] TravelTest - Travel API Get User Test Started...
[INFO ] 2023-11-29 14:43:00.083 [main] TravelTest - Travel API Get User Test Response status to be 200...
[INFO ] 2023-11-29 14:43:00.086 [main] TravelTest - Travel API Get User Response Header Validation...
[INFO ] 2023-11-29 14:43:00.087 [main] TravelTest - Travel API Get User Content type Assertion passed...
[INFO ] 2023-11-29 14:43:00.089 [main] TravelTest - Travel API Get User Tourist_name Assertion passed...
[INFO ] 2023-11-29 14:43:00.089 [main] TravelTest - Travel API Get User Tourist_email Assertion passed...
[INFO ] 2023-11-29 14:43:00.089 [main] TravelTest - Travel API Get User Tourist_location Assertion passed...
[DEBUG] 2023-11-29 14:43:00.674 [main] Store_API_Test - Store API Test Closed...
[DEBUG] 2023-11-29 14:43:01.227 [main] TravelTest - Travel_Api_Test_Ended...
[DEBUG] 2023-11-29 14:45:25.143 [main] Store_API_Test - Store API Test Started...
[DEBUG] 2023-11-29 14:45:25.150 [main] TravelTest - Travel_Playload
[DEBUG] 2023-11-29 14:45:25.397 [main] TravelTest - Travel_Api_Test_Started...
[INFO ] 2023-11-29 14:45:25.439 [main] Store_API_Test - Create Order Test Started..
[INFO ] 2023-11-29 14:45:33.085 [main] Store_API_Test - Create Order Test Response to be 200..
[INFO ] 2023-11-29 14:45:33.122 [main] Store_API_Test - Get Order Test Started..
[INFO ] 2023-11-29 14:45:34.870 [main] Store_API_Test - Get Order Test Response to be 200..
[INFO ] 2023-11-29 14:45:34.877 [main] Store_API_Test - Get Order Test ID Assertion passed..
[INFO ] 2023-11-29 14:45:34.877 [main] Store_API_Test - Get Order Test PetID Assertion passed..
[INFO ] 2023-11-29 14:45:34.877 [main] Store_API_Test - Get Order Test quantity Assertion passed..
[INFO ] 2023-11-29 14:45:34.878 [main] Store_API_Test - Get Order Test shipDate Assertion passed..
[INFO ] 2023-11-29 14:45:34.878 [main] Store_API_Test - Get Order Test status Assertion passed..
[INFO ] 2023-11-29 14:45:34.878 [main] Store_API_Test - Get Order Test complete Assertion passed..
[INFO ] 2023-11-29 14:45:34.881 [main] Store_API_Test - Delete Order Test Started..
[INFO ] 2023-11-29 14:45:36.660 [main] Store_API_Test - Get Order Test ID response to be 200..
[INFO ] 2023-11-29 14:45:36.664 [main] Store_API_Test - Delete Order Test message Assertion passed..
[DEBUG] 2023-11-29 14:45:36.725 [main] UserTest - User API test Started...
[INFO ] 2023-11-29 14:45:36.738 [main] UserTest - User API create User Test Started...
[INFO ] 2023-11-29 14:45:38.533 [main] UserTest - User API create User Test Response Code to be 200...
[INFO ] 2023-11-29 14:45:38.541 [main] UserTest - User API Get User Test Started...
[INFO ] 2023-11-29 14:45:40.320 [main] UserTest - User API Get User Test Response to be 200...
[INFO ] 2023-11-29 14:45:40.332 [main] UserTest - User API Get User Test id Assertion passed...
[INFO ] 2023-11-29 14:45:40.332 [main] UserTest - User API Get User Test username Assertion passed...
[INFO ] 2023-11-29 14:45:40.332 [main] UserTest - User API Get User Test firstname Assertion passed...
[INFO ] 2023-11-29 14:45:40.332 [main] UserTest - User API Get User Test lastname Assertion passed...
[INFO ] 2023-11-29 14:45:40.332 [main] UserTest - User API Get User Test email Assertion passed...
[INFO ] 2023-11-29 14:45:40.332 [main] UserTest - User API Get User Test password Assertion passed...
[INFO ] 2023-11-29 14:45:40.333 [main] UserTest - User API Get User Test phone Assertion passed...
[INFO ] 2023-11-29 14:45:40.333 [main] UserTest - User API Get User Test Headers validation...
[INFO ] 2023-11-29 14:45:40.333 [main] UserTest - User API Get User Test Headers Assertion passed...
[INFO ] 2023-11-29 14:45:40.340 [main] UserTest - User API Update User Test Started...
[INFO ] 2023-11-29 14:45:42.217 [main] UserTest - User API Delete User Test Started...
[INFO ] 2023-11-29 14:45:43.989 [main] UserTest - User API Delete User Test Response code to be 200...
[INFO ] 2023-11-29 14:45:43.989 [main] UserTest - User API Delete User Test Endend...
[DEBUG] 2023-11-29 14:45:44.552 [main] UserTest - User API test Completed...
[INFO ] 2023-11-29 14:45:44.554 [main] TravelTest - Travel API Create User Test Started...
[INFO ] 2023-11-29 14:45:45.395 [main] TravelTest - Travel API Create User Test Response code to be 200...
[INFO ] 2023-11-29 14:45:45.397 [main] TravelTest - Travel API Create User Test Tourist name Assertion passed...
[INFO ] 2023-11-29 14:45:45.397 [main] TravelTest - Travel API Create User Test Tourist email Assertion passed...
[INFO ] 2023-11-29 14:45:45.397 [main] TravelTest - Travel API Create User Test Tourist location Assertion passed...
[INFO ] 2023-11-29 14:45:45.399 [main] TravelTest - Travel API Get User Test Started...
[INFO ] 2023-11-29 14:45:45.649 [main] TravelTest - Travel API Get User Test Response status to be 200...
[INFO ] 2023-11-29 14:45:45.651 [main] TravelTest - Travel API Get User Response Header Validation...
[INFO ] 2023-11-29 14:45:45.652 [main] TravelTest - Travel API Get User Content type Assertion passed...
[INFO ] 2023-11-29 14:45:45.653 [main] TravelTest - Travel API Get User Tourist_name Assertion passed...
[INFO ] 2023-11-29 14:45:45.654 [main] TravelTest - Travel API Get User Tourist_email Assertion passed...
[INFO ] 2023-11-29 14:45:45.654 [main] TravelTest - Travel API Get User Tourist_location Assertion passed...
[DEBUG] 2023-11-29 14:45:46.222 [main] Store_API_Test - Store API Test Closed...
[DEBUG] 2023-11-29 14:45:46.772 [main] TravelTest - Travel_Api_Test_Ended...
[DEBUG] 2023-11-29 14:46:12.036 [main] Store_API_Test - Store API Test Started...
[DEBUG] 2023-11-29 14:46:12.044 [main] TravelTest - Travel_Playload
[DEBUG] 2023-11-29 14:46:12.310 [main] TravelTest - Travel_Api_Test_Started...
[INFO ] 2023-11-29 14:46:12.362 [main] Store_API_Test - Create Order Test Started..
[INFO ] 2023-11-29 14:46:19.009 [main] Store_API_Test - Create Order Test Response to be 200..
[INFO ] 2023-11-29 14:46:19.043 [main] Store_API_Test - Get Order Test Started..
[INFO ] 2023-11-29 14:46:20.840 [main] Store_API_Test - Get Order Test Response to be 200..
[INFO ] 2023-11-29 14:46:20.848 [main] Store_API_Test - Get Order Test ID Assertion passed..
[INFO ] 2023-11-29 14:46:20.848 [main] Store_API_Test - Get Order Test PetID Assertion passed..
[INFO ] 2023-11-29 14:46:20.848 [main] Store_API_Test - Get Order Test quantity Assertion passed..
[INFO ] 2023-11-29 14:46:20.849 [main] Store_API_Test - Get Order Test shipDate Assertion passed..
[INFO ] 2023-11-29 14:46:20.849 [main] Store_API_Test - Get Order Test status Assertion passed..
[INFO ] 2023-11-29 14:46:20.849 [main] Store_API_Test - Get Order Test complete Assertion passed..
[INFO ] 2023-11-29 14:46:20.853 [main] Store_API_Test - Delete Order Test Started..
[INFO ] 2023-11-29 14:46:22.867 [main] Store_API_Test - Get Order Test ID response to be 200..
[INFO ] 2023-11-29 14:46:22.870 [main] Store_API_Test - Delete Order Test message Assertion passed..
[DEBUG] 2023-11-29 14:46:22.940 [main] UserTest - User API test Started...
[INFO ] 2023-11-29 14:46:22.960 [main] UserTest - User API create User Test Started...
[INFO ] 2023-11-29 14:46:25.327 [main] UserTest - User API create User Test Response Code to be 200...
[INFO ] 2023-11-29 14:46:25.333 [main] UserTest - User API Get User Test Started...
[INFO ] 2023-11-29 14:46:27.166 [main] UserTest - User API Get User Test Response to be 200...
[INFO ] 2023-11-29 14:46:27.174 [main] UserTest - User API Get User Test id Assertion passed...
[INFO ] 2023-11-29 14:46:27.174 [main] UserTest - User API Get User Test username Assertion passed...
[INFO ] 2023-11-29 14:46:27.174 [main] UserTest - User API Get User Test firstname Assertion passed...
[INFO ] 2023-11-29 14:46:27.174 [main] UserTest - User API Get User Test lastname Assertion passed...
[INFO ] 2023-11-29 14:46:27.175 [main] UserTest - User API Get User Test email Assertion passed...
[INFO ] 2023-11-29 14:46:27.175 [main] UserTest - User API Get User Test password Assertion passed...
[INFO ] 2023-11-29 14:46:27.175 [main] UserTest - User API Get User Test phone Assertion passed...
[INFO ] 2023-11-29 14:46:27.175 [main] UserTest - User API Get User Test Headers validation...
[INFO ] 2023-11-29 14:46:27.176 [main] UserTest - User API Get User Test Headers Assertion passed...
[INFO ] 2023-11-29 14:46:27.181 [main] UserTest - User API Update User Test Started...
[INFO ] 2023-11-29 14:46:28.981 [main] UserTest - User API Delete User Test Started...
[INFO ] 2023-11-29 14:46:30.720 [main] UserTest - User API Delete User Test Response code to be 200...
[INFO ] 2023-11-29 14:46:30.720 [main] UserTest - User API Delete User Test Endend...
[DEBUG] 2023-11-29 14:46:31.272 [main] UserTest - User API test Completed...
[INFO ] 2023-11-29 14:46:31.273 [main] TravelTest - Travel API Create User Test Started...
[INFO ] 2023-11-29 14:46:32.175 [main] TravelTest - Travel API Create User Test Response code to be 200...
[INFO ] 2023-11-29 14:46:32.177 [main] TravelTest - Travel API Create User Test Tourist name Assertion passed...
[INFO ] 2023-11-29 14:46:32.177 [main] TravelTest - Travel API Create User Test Tourist email Assertion passed...
[INFO ] 2023-11-29 14:46:32.177 [main] TravelTest - Travel API Create User Test Tourist location Assertion passed...
[INFO ] 2023-11-29 14:46:32.179 [main] TravelTest - Travel API Get User Test Started...
[INFO ] 2023-11-29 14:46:32.437 [main] TravelTest - Travel API Get User Test Response status to be 200...
[INFO ] 2023-11-29 14:46:32.443 [main] TravelTest - Travel API Get User Response Header Validation...
[INFO ] 2023-11-29 14:46:32.445 [main] TravelTest - Travel API Get User Content type Assertion passed...
[INFO ] 2023-11-29 14:46:32.449 [main] TravelTest - Travel API Get User Tourist_name Assertion passed...
[INFO ] 2023-11-29 14:46:32.450 [main] TravelTest - Travel API Get User Tourist_email Assertion passed...
[INFO ] 2023-11-29 14:46:32.451 [main] TravelTest - Travel API Get User Tourist_location Assertion passed...
[DEBUG] 2023-11-29 14:46:33.027 [main] Store_API_Test - Store API Test Closed...
[DEBUG] 2023-11-29 14:46:33.576 [main] TravelTest - Travel_Api_Test_Ended...
[DEBUG] 2023-11-29 14:47:26.398 [main] Store_API_Test - Store API Test Started...
[DEBUG] 2023-11-29 14:47:26.398 [main] TravelTest - Travel_Playload
[DEBUG] 2023-11-29 14:47:26.617 [main] TravelTest - Travel_Api_Test_Started...
[INFO ] 2023-11-29 14:47:26.663 [main] Store_API_Test - Create Order Test Started..
[INFO ] 2023-11-29 14:47:33.460 [main] Store_API_Test - Create Order Test Response to be 200..
[INFO ] 2023-11-29 14:47:33.492 [main] Store_API_Test - Get Order Test Started..
[INFO ] 2023-11-29 14:47:35.507 [main] Store_API_Test - Get Order Test Response to be 200..
[INFO ] 2023-11-29 14:47:35.507 [main] Store_API_Test - Get Order Test ID Assertion passed..
[INFO ] 2023-11-29 14:47:35.507 [main] Store_API_Test - Get Order Test PetID Assertion passed..
[INFO ] 2023-11-29 14:47:35.507 [main] Store_API_Test - Get Order Test quantity Assertion passed..
[INFO ] 2023-11-29 14:47:35.507 [main] Store_API_Test - Get Order Test shipDate Assertion passed..
[INFO ] 2023-11-29 14:47:35.507 [main] Store_API_Test - Get Order Test status Assertion passed..
[INFO ] 2023-11-29 14:47:35.507 [main] Store_API_Test - Get Order Test complete Assertion passed..
[INFO ] 2023-11-29 14:47:35.507 [main] Store_API_Test - Delete Order Test Started..
[INFO ] 2023-11-29 14:47:37.445 [main] Store_API_Test - Get Order Test ID response to be 200..
[INFO ] 2023-11-29 14:47:37.460 [main] Store_API_Test - Delete Order Test message Assertion passed..
[DEBUG] 2023-11-29 14:47:37.523 [main] UserTest - User API test Started...
[INFO ] 2023-11-29 14:47:37.523 [main] UserTest - User API create User Test Started...
[INFO ] 2023-11-29 14:47:39.413 [main] UserTest - User API create User Test Response Code to be 200...
[INFO ] 2023-11-29 14:47:39.429 [main] UserTest - User API Get User Test Started...
[INFO ] 2023-11-29 14:47:41.383 [main] UserTest - User API Get User Test Response to be 200...
[INFO ] 2023-11-29 14:47:41.398 [main] UserTest - User API Get User Test id Assertion passed...
[INFO ] 2023-11-29 14:47:41.398 [main] UserTest - User API Get User Test username Assertion passed...
[INFO ] 2023-11-29 14:47:41.398 [main] UserTest - User API Get User Test firstname Assertion passed...
[INFO ] 2023-11-29 14:47:41.398 [main] UserTest - User API Get User Test lastname Assertion passed...
[INFO ] 2023-11-29 14:47:41.398 [main] UserTest - User API Get User Test email Assertion passed...
[INFO ] 2023-11-29 14:47:41.398 [main] UserTest - User API Get User Test password Assertion passed...
[INFO ] 2023-11-29 14:47:41.398 [main] UserTest - User API Get User Test phone Assertion passed...
[INFO ] 2023-11-29 14:47:41.398 [main] UserTest - User API Get User Test Headers validation...
[INFO ] 2023-11-29 14:47:41.398 [main] UserTest - User API Get User Test Headers Assertion passed...
[INFO ] 2023-11-29 14:47:41.398 [main] UserTest - User API Update User Test Started...
[INFO ] 2023-11-29 14:47:43.257 [main] UserTest - User API Delete User Test Started...
[INFO ] 2023-11-29 14:47:45.008 [main] UserTest - User API Delete User Test Response code to be 200...
[INFO ] 2023-11-29 14:47:45.008 [main] UserTest - User API Delete User Test Endend...
[DEBUG] 2023-11-29 14:47:45.538 [main] UserTest - User API test Completed...
[INFO ] 2023-11-29 14:47:45.538 [main] TravelTest - Travel API Create User Test Started...
[INFO ] 2023-11-29 14:47:46.414 [main] TravelTest - Travel API Create User Test Response code to be 200...
[INFO ] 2023-11-29 14:47:46.414 [main] TravelTest - Travel API Create User Test Tourist name Assertion passed...
[INFO ] 2023-11-29 14:47:46.414 [main] TravelTest - Travel API Create User Test Tourist email Assertion passed...
[INFO ] 2023-11-29 14:47:46.414 [main] TravelTest - Travel API Create User Test Tourist location Assertion passed...
[INFO ] 2023-11-29 14:47:46.414 [main] TravelTest - Travel API Get User Test Started...
[INFO ] 2023-11-29 14:47:46.632 [main] TravelTest - Travel API Get User Test Response status to be 200...
[INFO ] 2023-11-29 14:47:46.632 [main] TravelTest - Travel API Get User Response Header Validation...
[INFO ] 2023-11-29 14:47:46.632 [main] TravelTest - Travel API Get User Content type Assertion passed...
[INFO ] 2023-11-29 14:47:46.632 [main] TravelTest - Travel API Get User Tourist_name Assertion passed...
[INFO ] 2023-11-29 14:47:46.632 [main] TravelTest - Travel API Get User Tourist_email Assertion passed...
[INFO ] 2023-11-29 14:47:46.632 [main] TravelTest - Travel API Get User Tourist_location Assertion passed...
[DEBUG] 2023-11-29 14:47:47.195 [main] Store_API_Test - Store API Test Closed...
[DEBUG] 2023-11-29 14:47:47.710 [main] TravelTest - Travel_Api_Test_Ended...
[DEBUG] 2023-11-29 14:48:05.320 [main] Store_API_Test - Store API Test Started...
[DEBUG] 2023-11-29 14:48:05.335 [main] TravelTest - Travel_Playload
[DEBUG] 2023-11-29 14:48:05.554 [main] TravelTest - Travel_Api_Test_Started...
[INFO ] 2023-11-29 14:48:05.585 [main] Store_API_Test - Create Order Test Started..
[INFO ] 2023-11-29 14:48:12.101 [main] Store_API_Test - Create Order Test Response to be 200..
[INFO ] 2023-11-29 14:48:12.132 [main] Store_API_Test - Get Order Test Started..
[INFO ] 2023-11-29 14:48:13.820 [main] Store_API_Test - Get Order Test Response to be 200..
[INFO ] 2023-11-29 14:48:13.835 [main] Store_API_Test - Get Order Test ID Assertion passed..
[INFO ] 2023-11-29 14:48:13.835 [main] Store_API_Test - Get Order Test PetID Assertion passed..
[INFO ] 2023-11-29 14:48:13.835 [main] Store_API_Test - Get Order Test quantity Assertion passed..
[INFO ] 2023-11-29 14:48:13.835 [main] Store_API_Test - Get Order Test shipDate Assertion passed..
[INFO ] 2023-11-29 14:48:13.835 [main] Store_API_Test - Get Order Test status Assertion passed..
[INFO ] 2023-11-29 14:48:13.835 [main] Store_API_Test - Get Order Test complete Assertion passed..
[INFO ] 2023-11-29 14:48:13.835 [main] Store_API_Test - Delete Order Test Started..
[INFO ] 2023-11-29 14:48:15.555 [main] Store_API_Test - Get Order Test ID response to be 200..
[INFO ] 2023-11-29 14:48:15.570 [main] Store_API_Test - Delete Order Test message Assertion passed..
[DEBUG] 2023-11-29 14:48:15.617 [main] UserTest - User API test Started...
[INFO ] 2023-11-29 14:48:15.632 [main] UserTest - User API create User Test Started...
[INFO ] 2023-11-29 14:48:17.460 [main] UserTest - User API create User Test Response Code to be 200...
[INFO ] 2023-11-29 14:48:17.460 [main] UserTest - User API Get User Test Started...
[INFO ] 2023-11-29 14:48:19.195 [main] UserTest - User API Get User Test Response to be 200...
[INFO ] 2023-11-29 14:48:19.210 [main] UserTest - User API Get User Test id Assertion passed...
[INFO ] 2023-11-29 14:48:19.210 [main] UserTest - User API Get User Test username Assertion passed...
[INFO ] 2023-11-29 14:48:19.210 [main] UserTest - User API Get User Test firstname Assertion passed...
[INFO ] 2023-11-29 14:48:19.210 [main] UserTest - User API Get User Test lastname Assertion passed...
[INFO ] 2023-11-29 14:48:19.210 [main] UserTest - User API Get User Test email Assertion passed...
[INFO ] 2023-11-29 14:48:19.210 [main] UserTest - User API Get User Test password Assertion passed...
[INFO ] 2023-11-29 14:48:19.210 [main] UserTest - User API Get User Test phone Assertion passed...
[INFO ] 2023-11-29 14:48:19.210 [main] UserTest - User API Get User Test Headers validation...
[INFO ] 2023-11-29 14:48:19.210 [main] UserTest - User API Get User Test Headers Assertion passed...
[INFO ] 2023-11-29 14:48:19.210 [main] UserTest - User API Update User Test Started...
[INFO ] 2023-11-29 14:48:21.007 [main] UserTest - User API Delete User Test Started...
[INFO ] 2023-11-29 14:48:22.726 [main] UserTest - User API Delete User Test Response code to be 200...
[INFO ] 2023-11-29 14:48:22.726 [main] UserTest - User API Delete User Test Endend...
[DEBUG] 2023-11-29 14:48:23.273 [main] UserTest - User API test Completed...
[INFO ] 2023-11-29 14:48:23.273 [main] TravelTest - Travel API Create User Test Started...
[INFO ] 2023-11-29 14:48:24.085 [main] TravelTest - Travel API Create User Test Response code to be 200...
[INFO ] 2023-11-29 14:48:24.085 [main] TravelTest - Travel API Create User Test Tourist name Assertion passed...
[INFO ] 2023-11-29 14:48:24.085 [main] TravelTest - Travel API Create User Test Tourist email Assertion passed...
[INFO ] 2023-11-29 14:48:24.085 [main] TravelTest - Travel API Create User Test Tourist location Assertion passed...
[INFO ] 2023-11-29 14:48:24.085 [main] TravelTest - Travel API Get User Test Started...
[INFO ] 2023-11-29 14:48:24.320 [main] TravelTest - Travel API Get User Test Response status to be 200...
[INFO ] 2023-11-29 14:48:24.320 [main] TravelTest - Travel API Get User Response Header Validation...
[INFO ] 2023-11-29 14:48:24.320 [main] TravelTest - Travel API Get User Content type Assertion passed...
[INFO ] 2023-11-29 14:48:24.320 [main] TravelTest - Travel API Get User Tourist_name Assertion passed...
[INFO ] 2023-11-29 14:48:24.335 [main] TravelTest - Travel API Get User Tourist_email Assertion passed...
[INFO ] 2023-11-29 14:48:24.335 [main] TravelTest - Travel API Get User Tourist_location Assertion passed...
[DEBUG] 2023-11-29 14:48:24.898 [main] Store_API_Test - Store API Test Closed...
[DEBUG] 2023-11-29 14:48:25.445 [main] TravelTest - Travel_Api_Test_Ended...
[DEBUG] 2023-11-29 14:48:37.757 [main] Store_API_Test - Store API Test Started...
[DEBUG] 2023-11-29 14:48:37.773 [main] TravelTest - Travel_Playload
[DEBUG] 2023-11-29 14:48:37.992 [main] TravelTest - Travel_Api_Test_Started...
[INFO ] 2023-11-29 14:48:38.023 [main] Store_API_Test - Create Order Test Started..
[INFO ] 2023-11-29 14:48:45.163 [main] Store_API_Test - Create Order Test Response to be 200..
[INFO ] 2023-11-29 14:48:45.195 [main] Store_API_Test - Get Order Test Started..
[INFO ] 2023-11-29 14:48:47.179 [main] Store_API_Test - Get Order Test Response to be 200..
[INFO ] 2023-11-29 14:48:47.195 [main] Store_API_Test - Get Order Test ID Assertion passed..
[INFO ] 2023-11-29 14:48:47.195 [main] Store_API_Test - Get Order Test PetID Assertion passed..
[INFO ] 2023-11-29 14:48:47.195 [main] Store_API_Test - Get Order Test quantity Assertion passed..
[INFO ] 2023-11-29 14:48:47.195 [main] Store_API_Test - Get Order Test shipDate Assertion passed..
[INFO ] 2023-11-29 14:48:47.195 [main] Store_API_Test - Get Order Test status Assertion passed..
[INFO ] 2023-11-29 14:48:47.195 [main] Store_API_Test - Get Order Test complete Assertion passed..
[INFO ] 2023-11-29 14:48:47.195 [main] Store_API_Test - Delete Order Test Started..
[INFO ] 2023-11-29 14:48:49.242 [main] Store_API_Test - Get Order Test ID response to be 200..
[INFO ] 2023-11-29 14:48:49.242 [main] Store_API_Test - Delete Order Test message Assertion passed..
[DEBUG] 2023-11-29 14:48:49.304 [main] UserTest - User API test Started...
[INFO ] 2023-11-29 14:48:49.304 [main] UserTest - User API create User Test Started...
[INFO ] 2023-11-29 14:48:51.335 [main] UserTest - User API create User Test Response Code to be 200...
[INFO ] 2023-11-29 14:48:51.351 [main] UserTest - User API Get User Test Started...
[INFO ] 2023-11-29 14:48:53.289 [main] UserTest - User API Get User Test Response to be 200...
[INFO ] 2023-11-29 14:48:53.304 [main] UserTest - User API Get User Test id Assertion passed...
[INFO ] 2023-11-29 14:48:53.304 [main] UserTest - User API Get User Test username Assertion passed...
[INFO ] 2023-11-29 14:48:53.304 [main] UserTest - User API Get User Test firstname Assertion passed...
[INFO ] 2023-11-29 14:48:53.304 [main] UserTest - User API Get User Test lastname Assertion passed...
[INFO ] 2023-11-29 14:48:53.304 [main] UserTest - User API Get User Test email Assertion passed...
[INFO ] 2023-11-29 14:48:53.304 [main] UserTest - User API Get User Test password Assertion passed...
[INFO ] 2023-11-29 14:48:53.304 [main] UserTest - User API Get User Test phone Assertion passed...
[INFO ] 2023-11-29 14:48:53.304 [main] UserTest - User API Get User Test Headers validation...
[INFO ] 2023-11-29 14:48:53.304 [main] UserTest - User API Get User Test Headers Assertion passed...
[INFO ] 2023-11-29 14:48:53.304 [main] UserTest - User API Update User Test Started...
[INFO ] 2023-11-29 14:48:55.336 [main] UserTest - User API Delete User Test Started...
[INFO ] 2023-11-29 14:48:57.211 [main] UserTest - User API Delete User Test Response code to be 200...
[INFO ] 2023-11-29 14:48:57.211 [main] UserTest - User API Delete User Test Endend...
[DEBUG] 2023-11-29 14:48:57.742 [main] UserTest - User API test Completed...
[INFO ] 2023-11-29 14:48:57.742 [main] TravelTest - Travel API Create User Test Started...
[INFO ] 2023-11-29 14:48:58.601 [main] TravelTest - Travel API Create User Test Response code to be 200...
[INFO ] 2023-11-29 14:48:58.601 [main] TravelTest - Travel API Create User Test Tourist name Assertion passed...
[INFO ] 2023-11-29 14:48:58.601 [main] TravelTest - Travel API Create User Test Tourist email Assertion passed...
[INFO ] 2023-11-29 14:48:58.601 [main] TravelTest - Travel API Create User Test Tourist location Assertion passed...
[INFO ] 2023-11-29 14:48:58.601 [main] TravelTest - Travel API Get User Test Started...
[INFO ] 2023-11-29 14:48:58.883 [main] TravelTest - Travel API Get User Test Response status to be 200...
[INFO ] 2023-11-29 14:48:58.883 [main] TravelTest - Travel API Get User Response Header Validation...
[INFO ] 2023-11-29 14:48:58.883 [main] TravelTest - Travel API Get User Content type Assertion passed...
[INFO ] 2023-11-29 14:48:58.898 [main] TravelTest - Travel API Get User Tourist_name Assertion passed...
[INFO ] 2023-11-29 14:48:58.898 [main] TravelTest - Travel API Get User Tourist_email Assertion passed...
[INFO ] 2023-11-29 14:48:58.898 [main] TravelTest - Travel API Get User Tourist_location Assertion passed...
[DEBUG] 2023-11-29 14:48:59.429 [main] Store_API_Test - Store API Test Closed...
[DEBUG] 2023-11-29 14:48:59.960 [main] TravelTest - Travel_Api_Test_Ended...
